Builder logfile: Created by Builder.exe
Unit cell origin at: 0, 0, 0
Component x, y and z of vector a: 7.5317, 0, 0
Component x, y and z of vector b: 3.37908e-12, 11.3884, 0
Component x, y and z of vector c: -3.13836, 7.55872e-12, 22.1149
add atom #1:  S-1-1: x=-1.15939, y=-2.72866, z=5.54797 (radii: 1.02, 1.02, color [255, 200, 50])
add atom #2:  S-1-2: x=-1.69954, y=-0.0833631, z=6.7738 (radii: 1.02, 1.02, color [255, 200, 50])
add atom #3:  S-1-3: x=0.0345575, y=-1.93739, z=8.13144 (radii: 1.02, 1.02, color [255, 200, 50])
add atom #4:  S-1-4: x=-1.38991, y=2.01928, z=8.93974 (radii: 1.02, 1.02, color [255, 200, 50])
add atom #5:  S-1-5: x=0.517807, y=-0.0447564, z=10.4294 (radii: 1.02, 1.02, color [255, 200, 50])
add atom #6:  S-1-6: x=-1.16083, y=3.9274, z=11.3967 (radii: 1.02, 1.02, color [255, 200, 50])
add atom #7:  S-1-7: x=0.847685, y=1.83353, z=12.7689 (radii: 1.02, 1.02, color [255, 200, 50])
add atom #8:  S-1-8: x=-0.69445, y=5.69363, z=13.8274 (radii: 1.02, 1.02, color [255, 200, 50])
add atom #9:  S-1-9: x=1.19553, y=3.84518, z=14.9904 (radii: 1.02, 1.02, color [255, 200, 50])
add atom #10:  S-1-10: x=0.640362, y=6.38935, z=16.4037 (radii: 1.02, 1.02, color [255, 200, 50])
add atom #11:  C-2-1: x=-0.965109, y=-1.64448, z=6.75832 (radii: 0.77, 0.77, color [200, 200, 200])
add atom #12:  C-2-2: x=-1.04734, y=0.465786, z=8.2931 (radii: 0.77, 0.77, color [200, 200, 200])
add atom #13:  C-2-3: x=-0.234675, y=-0.420232, z=8.93001 (radii: 0.77, 0.77, color [200, 200, 200])
add atom #14:  C-2-4: x=-0.390044, y=4.23307, z=12.9173 (radii: 0.77, 0.77, color [200, 200, 200])
add atom #15:  C-2-5: x=0.465804, y=3.35502, z=13.4835 (radii: 0.77, 0.77, color [200, 200, 200])
add atom #16:  C-2-6: x=0.381312, y=5.3628, z=15.1509 (radii: 0.77, 0.77, color [200, 200, 200])
add atom #17: Au-3-1: x=-0.316251, y=1.94969, z=10.8901 (radii: 1.48, 1.48, color [218, 165, 32])
add atom #18: Ni-4-1: x=-0.330655, y=1.92692, z=10.896 (radii: 1.17, 1.17, color [165, 42, 42])
add atom #19:  N-5-1: x=2.07809, y=8.30214, z=13.395 (radii: 0.75, 0.75, color [143, 143, 255])
add atom #20:  C-6-1: x=1.99705, y=9.3886, z=14.4012 (radii: 0.77, 0.77, color [200, 200, 200])
add atom #21:  H-7-1: x=1.97711, y=10.2382, z=13.954 (radii: 0.45, 0.45, color [230, 230, 230])
add atom #22:  H-7-2: x=2.76411, y=9.34917, z=14.9776 (radii: 0.45, 0.45, color [230, 230, 230])
add atom #23:  H-7-3: x=1.19876, y=9.28319, z=14.9233 (radii: 0.45, 0.45, color [230, 230, 230])
add atom #24:  C-8-1: x=1.44481, y=8.42514, z=12.2318 (radii: 0.77, 0.77, color [200, 200, 200])
add atom #25:  H-9-1: x=0.969708, y=9.20308, z=12.0453 (radii: 0.45, 0.45, color [230, 230, 230])
add atom #26:  C-10-1: x=1.48668, y=7.41499, z=11.3051 (radii: 0.77, 0.77, color [200, 200, 200])
add atom #27:  H-11-1: x=1.03391, y=7.51795, z=10.4982 (radii: 0.45, 0.45, color [230, 230, 230])
add atom #28:  C-12-1: x=2.19089, y=6.24312, z=11.544 (radii: 0.77, 0.77, color [200, 200, 200])
add atom #29:  C-12-2: x=2.88129, y=6.18276, z=12.7559 (radii: 0.77, 0.77, color [200, 200, 200])
add atom #30:  H-13-1: x=3.4023, y=5.43782, z=12.951 (radii: 0.45, 0.45, color [230, 230, 230])
add atom #31:  C-14-1: x=2.80207, y=7.20316, z=13.6538 (radii: 0.77, 0.77, color [200, 200, 200])
add atom #32:  H-15-1: x=3.25862, y=7.13643, z=14.4604 (radii: 0.45, 0.45, color [230, 230, 230])
generate unit cell atoms through symmetry operations:
add atom #33:  S-1-33: x=-0.409794, y=2.96554, z=5.50949 (radii: 1.02, 1.02, color [255, 200, 50])
add atom #34:  S-1-34: x=-1.97898, y=2.72866, z=16.567 (radii: 1.02, 1.02, color [255, 200, 50])
add atom #35:  S-1-35: x=4.80313, y=8.42286, z=16.6054 (radii: 1.02, 1.02, color [255, 200, 50])
add atom #36:  S-1-36: x=0.130356, y=5.61084, z=4.28366 (radii: 1.02, 1.02, color [255, 200, 50])
add atom #37:  S-1-37: x=-1.43883, y=0.0833631, z=15.3411 (radii: 1.02, 1.02, color [255, 200, 50])
add atom #38:  S-1-38: x=4.26298, y=5.77756, z=17.8313 (radii: 1.02, 1.02, color [255, 200, 50])
add atom #39:  S-1-39: x=5.92796, y=3.75681, z=2.92603 (radii: 1.02, 1.02, color [255, 200, 50])
add atom #40:  S-1-40: x=4.35878, y=1.93739, z=13.9835 (radii: 1.02, 1.02, color [255, 200, 50])
add atom #41:  S-1-41: x=-1.53462, y=7.63159, z=19.1889 (radii: 1.02, 1.02, color [255, 200, 50])
add atom #42:  S-1-42: x=-0.179269, y=7.71348, z=2.11773 (radii: 1.02, 1.02, color [255, 200, 50])
add atom #43:  S-1-43: x=-1.74845, y=9.36912, z=13.1752 (radii: 1.02, 1.02, color [255, 200, 50])
add atom #44:  S-1-44: x=4.57261, y=3.67492, z=19.9972 (radii: 1.02, 1.02, color [255, 200, 50])
add atom #45:  S-1-45: x=5.44471, y=5.64944, z=0.628064 (radii: 1.02, 1.02, color [255, 200, 50])
add atom #46:  S-1-46: x=3.87553, y=0.0447564, z=11.6855 (radii: 1.02, 1.02, color [255, 200, 50])
add atom #47:  S-1-47: x=-1.05137, y=5.73896, z=21.4869 (radii: 1.02, 1.02, color [255, 200, 50])
add atom #48:  S-1-48: x=3.98498, y=9.6216, z=21.7757 (radii: 1.02, 1.02, color [255, 200, 50])
add atom #49:  S-1-49: x=5.55416, y=7.461, z=10.7182 (radii: 1.02, 1.02, color [255, 200, 50])
add atom #50:  S-1-50: x=0.408354, y=1.7668, z=0.339243 (radii: 1.02, 1.02, color [255, 200, 50])
add atom #51:  S-1-51: x=1.97647, y=7.52773, z=20.4035 (radii: 1.02, 1.02, color [255, 200, 50])
add atom #52:  S-1-52: x=3.54565, y=9.55487, z=9.34599 (radii: 1.02, 1.02, color [255, 200, 50])
add atom #53:  S-1-53: x=2.41687, y=3.86067, z=1.71147 (radii: 1.02, 1.02, color [255, 200, 50])
add atom #54:  S-1-54: x=3.51861, y=6.61199e-12, z=19.345 (radii: 1.02, 1.02, color [255, 200, 50])
add atom #55:  S-1-55: x=5.08779, y=5.69477, z=8.28757 (radii: 1.02, 1.02, color [255, 200, 50])
add atom #56:  S-1-56: x=0.874731, y=0.00056942, z=2.76989 (radii: 1.02, 1.02, color [255, 200, 50])
add atom #57:  S-1-57: x=1.62863, y=9.53938, z=18.182 (radii: 1.02, 1.02, color [255, 200, 50])
add atom #58:  S-1-58: x=3.19781, y=7.54322, z=7.12454 (radii: 1.02, 1.02, color [255, 200, 50])
add atom #59:  S-1-59: x=2.76471, y=1.84902, z=3.93292 (radii: 1.02, 1.02, color [255, 200, 50])
add atom #60:  S-1-11: x=2.18379, y=0.695148, z=16.7686 (radii: 1.02, 1.02, color [255, 200, 50])
add atom #61:  S-1-61: x=3.75297, y=4.99905, z=5.71118 (radii: 1.02, 1.02, color [255, 200, 50])
add atom #62:  S-1-62: x=2.20954, y=10.6933, z=5.34628 (radii: 1.02, 1.02, color [255, 200, 50])
add atom #63:  C-2-63: x=-0.604072, y=4.04972, z=4.29914 (radii: 0.77, 0.77, color [200, 200, 200])
add atom #64:  C-2-64: x=-2.17325, y=1.64448, z=15.3566 (radii: 0.77, 0.77, color [200, 200, 200])
add atom #65:  C-2-65: x=4.99741, y=7.33868, z=17.8158 (radii: 0.77, 0.77, color [200, 200, 200])
add atom #66:  C-2-66: x=7.00986, y=6.15999, z=2.76437 (radii: 0.77, 0.77, color [200, 200, 200])
add atom #67:  C-2-67: x=5.44068, y=10.9226, z=13.8218 (radii: 0.77, 0.77, color [200, 200, 200])
add atom #68:  C-2-68: x=-2.61652, y=5.22841, z=19.3506 (radii: 0.77, 0.77, color [200, 200, 200])
add atom #69:  C-2-69: x=6.19719, y=5.27397, z=2.12746 (radii: 0.77, 0.77, color [200, 200, 200])
add atom #70:  C-2-70: x=4.62801, y=0.420232, z=13.1849 (radii: 0.77, 0.77, color [200, 200, 200])
add atom #71:  C-2-71: x=-1.80386, y=6.11443, z=19.9875 (radii: 0.77, 0.77, color [200, 200, 200])
add atom #72:  C-2-72: x=3.2142, y=9.92727, z=20.2551 (radii: 0.77, 0.77, color [200, 200, 200])
add atom #73:  C-2-73: x=4.78338, y=7.15533, z=9.1976 (radii: 0.77, 0.77, color [200, 200, 200])
add atom #74:  C-2-74: x=1.17914, y=1.46113, z=1.85987 (radii: 0.77, 0.77, color [200, 200, 200])
add atom #75:  C-2-75: x=2.35835, y=9.04922, z=19.6889 (radii: 0.77, 0.77, color [200, 200, 200])
add atom #76:  C-2-76: x=3.92753, y=8.03338, z=8.63146 (radii: 0.77, 0.77, color [200, 200, 200])
add atom #77:  C-2-77: x=2.03499, y=2.33918, z=2.42601 (radii: 0.77, 0.77, color [200, 200, 200])
add atom #78:  C-2-7: x=2.44284, y=11.057, z=18.0215 (radii: 0.77, 0.77, color [200, 200, 200])
add atom #79:  C-2-79: x=4.01203, y=6.0256, z=6.96399 (radii: 0.77, 0.77, color [200, 200, 200])
add atom #80:  C-2-80: x=1.95049, y=0.331402, z=4.09347 (radii: 0.77, 0.77, color [200, 200, 200])
add atom #81: Au-3-2: x=6.27877, y=7.64389, z=0.16741 (radii: 1.48, 1.48, color [218, 165, 32])
add atom #82: Au-3-82: x=4.70959, y=9.43871, z=11.2249 (radii: 1.48, 1.48, color [218, 165, 32])
add atom #83: Au-3-83: x=-1.88543, y=3.74451, z=21.9475 (radii: 1.48, 1.48, color [218, 165, 32])
add atom #84: Ni-4-2: x=6.29317, y=7.62112, z=0.161439 (radii: 1.17, 1.17, color [165, 42, 42])
add atom #85: Ni-4-85: x=4.72399, y=9.46148, z=11.2189 (radii: 1.17, 1.17, color [165, 42, 42])
add atom #86: Ni-4-86: x=-1.89984, y=3.76728, z=21.9535 (radii: 1.17, 1.17, color [165, 42, 42])
add atom #87:  N-5-2: x=0.746065, y=2.60794, z=19.7774 (radii: 0.75, 0.75, color [143, 143, 255])
add atom #88:  N-5-88: x=2.31525, y=3.08626, z=8.71991 (radii: 0.75, 0.75, color [143, 143, 255])
add atom #89:  N-5-89: x=3.64727, y=8.78046, z=2.33755 (radii: 0.75, 0.75, color [143, 143, 255])
add atom #90:  C-6-2: x=0.8271, y=3.6944, z=18.7711 (radii: 0.77, 0.77, color [200, 200, 200])
add atom #91:  C-6-91: x=2.39628, y=1.9998, z=7.71369 (radii: 0.77, 0.77, color [200, 200, 200])
add atom #92:  C-6-92: x=3.56624, y=7.694, z=3.34378 (radii: 0.77, 0.77, color [200, 200, 200])
add atom #93:  H-7-93: x=0.847044, y=4.54404, z=19.2184 (radii: 0.45, 0.45, color [230, 230, 230])
add atom #94:  H-7-94: x=2.41623, y=1.15016, z=8.16094 (radii: 0.45, 0.45, color [230, 230, 230])
add atom #95:  H-7-95: x=3.54629, y=6.84436, z=2.89652 (radii: 0.45, 0.45, color [230, 230, 230])
add atom #96:  H-7-96: x=0.0600472, y=3.65497, z=18.1948 (radii: 0.45, 0.45, color [230, 230, 230])
add atom #97:  H-7-97: x=1.62923, y=2.03923, z=7.13733 (radii: 0.45, 0.45, color [230, 230, 230])
add atom #98:  H-7-98: x=4.33329, y=7.73343, z=3.92014 (radii: 0.45, 0.45, color [230, 230, 230])
add atom #99:  H-7-4: x=1.62539, y=3.58899, z=18.2491 (radii: 0.45, 0.45, color [230, 230, 230])
add atom #100:  H-7-100: x=3.19458, y=2.10521, z=7.1916 (radii: 0.45, 0.45, color [230, 230, 230])
add atom #101:  H-7-101: x=2.76794, y=7.79941, z=3.86587 (radii: 0.45, 0.45, color [230, 230, 230])
add atom #102:  C-8-2: x=1.37935, y=2.73094, z=20.9406 (radii: 0.77, 0.77, color [200, 200, 200])
add atom #103:  C-8-103: x=2.94853, y=2.96326, z=9.88316 (radii: 0.77, 0.77, color [200, 200, 200])
add atom #104:  C-8-104: x=3.01399, y=8.65746, z=1.1743 (radii: 0.77, 0.77, color [200, 200, 200])
add atom #105:  H-9-2: x=1.85445, y=3.50888, z=21.1271 (radii: 0.45, 0.45, color [230, 230, 230])
add atom #106:  H-9-106: x=3.42363, y=2.18532, z=10.0697 (radii: 0.45, 0.45, color [230, 230, 230])
add atom #107:  H-9-107: x=2.53889, y=7.87952, z=0.987807 (radii: 0.45, 0.45, color [230, 230, 230])
add atom #108:  C-10-2: x=1.33748, y=1.72079, z=21.8672 (radii: 0.77, 0.77, color [200, 200, 200])
add atom #109:  C-10-109: x=2.90666, y=3.97341, z=10.8098 (radii: 0.77, 0.77, color [200, 200, 200])
add atom #110:  C-10-110: x=3.05586, y=9.66761, z=0.247687 (radii: 0.77, 0.77, color [200, 200, 200])
add atom #111:  H-11-2: x=4.92861, y=1.82375, z=0.55922 (radii: 0.45, 0.45, color [230, 230, 230])
add atom #112:  H-11-112: x=3.35943, y=3.87045, z=11.6167 (radii: 0.45, 0.45, color [230, 230, 230])
add atom #113:  H-11-113: x=-0.535274, y=9.56465, z=21.5557 (radii: 0.45, 0.45, color [230, 230, 230])
add atom #114:  C-12-114: x=0.633265, y=0.548921, z=21.6284 (radii: 0.77, 0.77, color [200, 200, 200])
add atom #115:  C-12-115: x=2.20245, y=5.14528, z=10.5709 (radii: 0.77, 0.77, color [200, 200, 200])
add atom #116:  C-12-116: x=3.76007, y=10.8395, z=0.486528 (radii: 0.77, 0.77, color [200, 200, 200])
add atom #117:  C-12-3: x=-0.0571328, y=0.488562, z=20.4165 (radii: 0.77, 0.77, color [200, 200, 200])
add atom #118:  C-12-118: x=1.51205, y=5.20564, z=9.35904 (radii: 0.77, 0.77, color [200, 200, 200])
add atom #119:  C-12-119: x=4.45047, y=10.8998, z=1.69843 (radii: 0.77, 0.77, color [200, 200, 200])
add atom #120:  H-13-2: x=-0.578142, y=11.132, z=20.2214 (radii: 0.45, 0.45, color [230, 230, 230])
add atom #121:  H-13-121: x=0.991039, y=5.95058, z=9.16392 (radii: 0.45, 0.45, color [230, 230, 230])
add atom #122:  H-13-122: x=4.97148, y=0.256376, z=1.89355 (radii: 0.45, 0.45, color [230, 230, 230])
add atom #123:  C-14-2: x=0.0220819, y=1.50896, z=19.5186 (radii: 0.77, 0.77, color [200, 200, 200])
add atom #124:  C-14-124: x=1.59126, y=4.18524, z=8.46117 (radii: 0.77, 0.77, color [200, 200, 200])
add atom #125:  C-14-125: x=4.37125, y=9.87944, z=2.59629 (radii: 0.77, 0.77, color [200, 200, 200])
add atom #126:  H-15-2: x=-0.434468, y=1.44223, z=18.712 (radii: 0.45, 0.45, color [230, 230, 230])
add atom #127:  H-15-127: x=1.13471, y=4.25197, z=7.65457 (radii: 0.45, 0.45, color [230, 230, 230])
add atom #128:  H-15-128: x=4.82781, y=9.94617, z=3.40289 (radii: 0.45, 0.45, color [230, 230, 230])
'
' connect atoms into groups:
sort scaled cartesian
indexed shell sort:
indexed shell sort:
indexed shell sort:
'
' connect atoms into fragments first:
bond: 81, 45 (distance: 2.21371)
bond: 110, 116 (distance: 1.38946)
bond: 110, 104 (distance: 1.37354)
bond: 50, 74 (distance: 1.73012)
bond: 116, 119 (distance: 1.3942)
bond: 45, 69 (distance: 1.71738)
bond: 104, 89 (distance: 1.32642)
bond: 119, 125 (distance: 1.36264)
bond: 53, 77 (distance: 1.72899)
bond: 74, 56 (distance: 1.74634)
bond: 69, 66 (distance: 1.3565)
bond: 69, 39 (distance: 1.73876)
bond: 89, 92 (distance: 1.48815)
bond: 77, 59 (distance: 1.74731)
bond: 125, 128 (distance: 0.929247)
bond: 56, 80 (distance: 1.74476)
bond: 92, 101 (distance: 0.959375)
bond: 92, 98 (distance: 0.964832)
bond: 36, 63 (distance: 1.73144)
bond: 63, 33 (distance: 1.63417)
bond: 1, 11 (distance: 1.63297)
bond: 61, 79 (distance: 1.64043)
bond: 11, 2 (distance: 1.72247)
bond: 11, 3 (distance: 1.72296)
bond: 2, 12 (distance: 1.73911)
bond: 79, 58 (distance: 1.73447)
bond: 79, 55 (distance: 1.73095)
bond: 58, 76 (distance: 1.74731)
bond: 97, 91 (distance: 0.964832)
bond: 127, 124 (distance: 0.934131)
bond: 91, 94 (distance: 0.953153)
bond: 91, 88 (distance: 1.48138)
bond: 3, 13 (distance: 1.7285)
bond: 55, 73 (distance: 1.74634)
bond: 12, 4 (distance: 1.71105)
bond: 124, 118 (distance: 1.35606)
bond: 76, 52 (distance: 1.72015)
bond: 88, 103 (distance: 1.33424)
bond: 4, 17 (distance: 2.23414)
bond: 4, 18 (distance: 2.22535)
bond: 13, 5 (distance: 1.70649)
bond: 73, 49 (distance: 1.73188)
bond: 52, 85 (distance: 2.21301)
bond: 52, 82 (distance: 2.21233)
bond: 118, 115 (distance: 1.40289)
bond: 103, 106 (distance: 0.933381)
bond: 103, 109 (distance: 1.36678)
bond: 27, 26 (distance: 0.931987)
bond: 115, 28 (distance: 1.46663)
bond: 109, 112 (distance: 0.931987)
bond: 17, 6 (distance: 2.21199)
bond: 17, 7 (distance: 2.19807)
bond: 26, 24 (distance: 1.37354)
bond: 6, 14 (distance: 1.73188)
bond: 28, 29 (distance: 1.3942)
bond: 46, 70 (distance: 1.71956)
bond: 24, 19 (distance: 1.32548)
bond: 29, 30 (distance: 0.934291)
bond: 29, 31 (distance: 1.36264)
bond: 7, 15 (distance: 1.7243)
bond: 14, 8 (distance: 1.74634)
bond: 70, 40 (distance: 1.73003)
bond: 19, 20 (distance: 1.48084)
bond: 15, 9 (distance: 1.74731)
bond: 31, 32 (distance: 0.929247)
bond: 8, 16 (distance: 1.73859)
bond: 20, 23 (distance: 0.959375)
bond: 20, 22 (distance: 0.958853)
bond: 16, 10 (distance: 1.63417)
bond: 37, 64 (distance: 1.72664)
bond: 64, 34 (distance: 1.63417)
bond: 35, 65 (distance: 1.6396)
bond: 65, 38 (distance: 1.72247)
bond: 78, 57 (distance: 1.73447)
bond: 57, 75 (distance: 1.73868)
bond: 96, 90 (distance: 0.95687)
bond: 126, 123 (distance: 0.919837)
bond: 90, 93 (distance: 0.95734)
bond: 90, 87 (distance: 1.48138)
bond: 41, 71 (distance: 1.73876)
bond: 123, 117 (distance: 1.36209)
bond: 75, 72 (distance: 1.35606)
bond: 75, 51 (distance: 1.7243)
bond: 87, 102 (distance: 1.33518)
bond: 71, 47 (distance: 1.71956)
bond: 72, 48 (distance: 1.73012)
bond: 117, 114 (distance: 1.38928)
bond: 102, 105 (distance: 0.925041)
bond: 102, 108 (distance: 1.36678)
bond: 47, 83 (distance: 2.20468)
bond: 47, 86 (distance: 2.19258)

connect 37 fragments into groups:
bond: 81, 42 (distance: 2.23506) from fragment #0 and #8
bond: 66, 42 (distance: 1.72792) from fragment #0 and #8
bond: 39, 63 (distance: 1.72659) from fragment #0 and #10
bond: 66, 36 (distance: 1.74287) from fragment #0 and #10
bond: 45, 84 (distance: 2.20329) from fragment #0 and #1
bond: 81, 51 (distance: 2.20912) from fragment #0 and #27
bond: 81, 48 (distance: 2.20817) from fragment #0 and #27
bond: 78, 60 (distance: 1.64183) from fragment #27 and #26
bond: 78, 54 (distance: 1.73095) from fragment #27 and #32
bond: 72, 54 (distance: 1.74634) from fragment #27 and #32
linked as group #0: fragment # 0 8 10 1 27 26 32
bond: 119, 122 (distance: 0.926283) from fragment #2 and #7
bond: 104, 107 (distance: 0.935361) from fragment #2 and #5
bond: 92, 95 (distance: 0.961977) from fragment #2 and #9
bond: 116, 114 (distance: 1.45911) from fragment #2 and #30
bond: 110, 113 (distance: 0.923309) from fragment #2 and #36
bond: 123, 87 (distance: 1.34015) from fragment #30 and #28
bond: 114, 108 (distance: 1.39284) from fragment #30 and #28
bond: 108, 111 (distance: 0.928224) from fragment #28 and #4
bond: 90, 99 (distance: 0.965919) from fragment #28 and #29
linked as group #1: fragment # 2 7 5 9 30 36 28 4 29
bond: 74, 77 (distance: 1.34959) from fragment #3 and #6
bond: 80, 59 (distance: 1.72099) from fragment #3 and #6
bond: 80, 62 (distance: 1.63261) from fragment #3 and #11
bond: 50, 86 (distance: 2.22389) from fragment #3 and #31
bond: 50, 83 (distance: 2.21199) from fragment #3 and #31
bond: 71, 68 (distance: 1.35834) from fragment #31 and #33
bond: 41, 65 (distance: 1.72829) from fragment #31 and #25
bond: 86, 44 (distance: 2.23486) from fragment #31 and #34
bond: 83, 44 (distance: 2.2302) from fragment #31 and #34
linked as group #2: fragment # 3 6 11 31 33 25 34
linked as group #3: fragment # 12
bond: 82, 46 (distance: 2.20468) from fragment #13 and #19
bond: 85, 46 (distance: 2.18746) from fragment #13 and #19
bond: 82, 43 (distance: 2.23506) from fragment #13 and #21
bond: 85, 43 (distance: 2.23529) from fragment #13 and #21
bond: 40, 64 (distance: 1.72659) from fragment #19 and #24
bond: 70, 67 (distance: 1.3625) from fragment #19 and #22
linked as group #4: fragment # 13 19 21 24 22
bond: 91, 100 (distance: 0.960469) from fragment #14 and #15
bond: 88, 124 (distance: 1.33825) from fragment #14 and #16
bond: 109, 115 (distance: 1.38268) from fragment #14 and #16
bond: 118, 121 (distance: 0.932202) from fragment #16 and #17
bond: 28, 26 (distance: 1.38946) from fragment #16 and #18
bond: 31, 19 (distance: 1.34555) from fragment #16 and #18
bond: 24, 25 (distance: 0.935361) from fragment #18 and #20
bond: 20, 21 (distance: 0.961977) from fragment #18 and #23
linked as group #5: fragment # 14 15 16 17 18 20 23
linked as group #6: fragment # 35
delete atom #1:  S-1-1: x=-1.15939, y=-2.72866, z=5.54797 (radii: 1.02, 1.02, color [255, 200, 50])
delete atom #2:  S-1-2: x=-1.69954, y=-0.0833631, z=6.7738 (radii: 1.02, 1.02, color [255, 200, 50])
delete atom #3:  S-1-3: x=0.0345575, y=-1.93739, z=8.13144 (radii: 1.02, 1.02, color [255, 200, 50])
delete atom #4:  S-1-4: x=-1.38991, y=2.01928, z=8.93974 (radii: 1.02, 1.02, color [255, 200, 50])
delete atom #5:  S-1-5: x=0.517807, y=-0.0447564, z=10.4294 (radii: 1.02, 1.02, color [255, 200, 50])
delete atom #6:  S-1-6: x=-1.16083, y=3.9274, z=11.3967 (radii: 1.02, 1.02, color [255, 200, 50])
delete atom #7:  S-1-7: x=0.847685, y=1.83353, z=12.7689 (radii: 1.02, 1.02, color [255, 200, 50])
delete atom #8:  S-1-8: x=-0.69445, y=5.69363, z=13.8274 (radii: 1.02, 1.02, color [255, 200, 50])
delete atom #9:  S-1-9: x=1.19553, y=3.84518, z=14.9904 (radii: 1.02, 1.02, color [255, 200, 50])
delete atom #10:  S-1-10: x=0.640362, y=6.38935, z=16.4037 (radii: 1.02, 1.02, color [255, 200, 50])
delete atom #11:  C-2-1: x=-0.965109, y=-1.64448, z=6.75832 (radii: 0.77, 0.77, color [200, 200, 200])
delete atom #12:  C-2-2: x=-1.04734, y=0.465786, z=8.2931 (radii: 0.77, 0.77, color [200, 200, 200])
delete atom #13:  C-2-3: x=-0.234675, y=-0.420232, z=8.93001 (radii: 0.77, 0.77, color [200, 200, 200])
delete atom #14:  C-2-4: x=-0.390044, y=4.23307, z=12.9173 (radii: 0.77, 0.77, color [200, 200, 200])
delete atom #15:  C-2-5: x=0.465804, y=3.35502, z=13.4835 (radii: 0.77, 0.77, color [200, 200, 200])
delete atom #16:  C-2-6: x=0.381312, y=5.3628, z=15.1509 (radii: 0.77, 0.77, color [200, 200, 200])
delete atom #17: Au-3-1: x=-0.316251, y=1.94969, z=10.8901 (radii: 1.48, 1.48, color [218, 165, 32])
delete atom #18: Ni-4-1: x=-0.330655, y=1.92692, z=10.896 (radii: 1.17, 1.17, color [165, 42, 42])
delete atom #19:  N-5-1: x=2.07809, y=8.30214, z=13.395 (radii: 0.75, 0.75, color [143, 143, 255])
delete atom #20:  C-6-1: x=1.99705, y=9.3886, z=14.4012 (radii: 0.77, 0.77, color [200, 200, 200])
delete atom #21:  H-7-1: x=1.97711, y=10.2382, z=13.954 (radii: 0.45, 0.45, color [230, 230, 230])
delete atom #22:  H-7-2: x=2.76411, y=9.34917, z=14.9776 (radii: 0.45, 0.45, color [230, 230, 230])
delete atom #23:  H-7-3: x=1.19876, y=9.28319, z=14.9233 (radii: 0.45, 0.45, color [230, 230, 230])
delete atom #24:  C-8-1: x=1.44481, y=8.42514, z=12.2318 (radii: 0.77, 0.77, color [200, 200, 200])
delete atom #25:  H-9-1: x=0.969708, y=9.20308, z=12.0453 (radii: 0.45, 0.45, color [230, 230, 230])
delete atom #26:  C-10-1: x=1.48668, y=7.41499, z=11.3051 (radii: 0.77, 0.77, color [200, 200, 200])
delete atom #27:  H-11-1: x=1.03391, y=7.51795, z=10.4982 (radii: 0.45, 0.45, color [230, 230, 230])
delete atom #28:  C-12-1: x=2.19089, y=6.24312, z=11.544 (radii: 0.77, 0.77, color [200, 200, 200])
delete atom #29:  C-12-2: x=2.88129, y=6.18276, z=12.7559 (radii: 0.77, 0.77, color [200, 200, 200])
delete atom #30:  H-13-1: x=3.4023, y=5.43782, z=12.951 (radii: 0.45, 0.45, color [230, 230, 230])
delete atom #31:  C-14-1: x=2.80207, y=7.20316, z=13.6538 (radii: 0.77, 0.77, color [200, 200, 200])
delete atom #32:  H-15-1: x=3.25862, y=7.13643, z=14.4604 (radii: 0.45, 0.45, color [230, 230, 230])
delete atom #33:  S-1-33: x=7.12191, y=2.96554, z=5.50949 (radii: 1.02, 1.02, color [255, 200, 50])
delete atom #34:  S-1-34: x=5.55272, y=14.1171, z=16.567 (radii: 1.02, 1.02, color [255, 200, 50])
delete atom #35:  S-1-35: x=0.409794, y=8.42286, z=-5.50949 (radii: 1.02, 1.02, color [255, 200, 50])
delete atom #36:  S-1-36: x=7.66206, y=5.61084, z=4.28366 (radii: 1.02, 1.02, color [255, 200, 50])
delete atom #37:  S-1-37: x=6.09287, y=11.4718, z=15.3411 (radii: 1.02, 1.02, color [255, 200, 50])
delete atom #38:  S-1-38: x=-0.130356, y=5.77756, z=-4.28366 (radii: 1.02, 1.02, color [255, 200, 50])
delete atom #39:  S-1-39: x=5.92796, y=3.75681, z=2.92603 (radii: 1.02, 1.02, color [255, 200, 50])
delete atom #40:  S-1-40: x=4.35878, y=13.3258, z=13.9835 (radii: 1.02, 1.02, color [255, 200, 50])
delete atom #41:  S-1-41: x=1.60374, y=7.63159, z=-2.92603 (radii: 1.02, 1.02, color [255, 200, 50])
delete atom #42:  S-1-42: x=7.35243, y=7.71348, z=2.11773 (radii: 1.02, 1.02, color [255, 200, 50])
delete atom #43:  S-1-43: x=5.78325, y=9.36912, z=13.1752 (radii: 1.02, 1.02, color [255, 200, 50])
delete atom #44:  S-1-44: x=0.179269, y=3.67492, z=-2.11773 (radii: 1.02, 1.02, color [255, 200, 50])
delete atom #45:  S-1-45: x=5.44471, y=5.64944, z=0.628064 (radii: 1.02, 1.02, color [255, 200, 50])
delete atom #46:  S-1-46: x=3.87553, y=11.4332, z=11.6855 (radii: 1.02, 1.02, color [255, 200, 50])
delete atom #47:  S-1-47: x=2.08699, y=5.73896, z=-0.628064 (radii: 1.02, 1.02, color [255, 200, 50])
delete atom #48:  S-1-48: x=7.12335, y=9.6216, z=-0.339243 (radii: 1.02, 1.02, color [255, 200, 50])
delete atom #49:  S-1-49: x=5.55416, y=7.461, z=10.7182 (radii: 1.02, 1.02, color [255, 200, 50])
delete atom #50:  S-1-50: x=0.408354, y=1.7668, z=0.339243 (radii: 1.02, 1.02, color [255, 200, 50])
delete atom #51:  S-1-51: x=5.11483, y=7.52773, z=-1.71147 (radii: 1.02, 1.02, color [255, 200, 50])
delete atom #52:  S-1-52: x=3.54565, y=9.55487, z=9.34599 (radii: 1.02, 1.02, color [255, 200, 50])
delete atom #53:  S-1-53: x=2.41687, y=3.86067, z=1.71147 (radii: 1.02, 1.02, color [255, 200, 50])
delete atom #54:  S-1-54: x=6.65697, y=11.3884, z=-2.76989 (radii: 1.02, 1.02, color [255, 200, 50])
delete atom #55:  S-1-55: x=5.08779, y=5.69477, z=8.28757 (radii: 1.02, 1.02, color [255, 200, 50])
delete atom #56:  S-1-56: x=0.874731, y=0.00056942, z=2.76989 (radii: 1.02, 1.02, color [255, 200, 50])
delete atom #57:  S-1-57: x=4.76699, y=9.53938, z=-3.93292 (radii: 1.02, 1.02, color [255, 200, 50])
delete atom #58:  S-1-58: x=3.19781, y=7.54322, z=7.12454 (radii: 1.02, 1.02, color [255, 200, 50])
delete atom #59:  S-1-59: x=2.76471, y=1.84902, z=3.93292 (radii: 1.02, 1.02, color [255, 200, 50])
delete atom #60:  S-1-11: x=5.32216, y=12.0835, z=-5.34628 (radii: 1.02, 1.02, color [255, 200, 50])
delete atom #61:  S-1-61: x=3.75297, y=4.99905, z=5.71118 (radii: 1.02, 1.02, color [255, 200, 50])
delete atom #62:  S-1-62: x=2.20954, y=-0.695148, z=5.34628 (radii: 1.02, 1.02, color [255, 200, 50])
delete atom #63:  C-2-63: x=6.92763, y=4.04972, z=4.29914 (radii: 0.77, 0.77, color [200, 200, 200])
delete atom #64:  C-2-64: x=5.35845, y=13.0329, z=15.3566 (radii: 0.77, 0.77, color [200, 200, 200])
delete atom #65:  C-2-65: x=0.604072, y=7.33868, z=-4.29914 (radii: 0.77, 0.77, color [200, 200, 200])
delete atom #66:  C-2-66: x=7.00986, y=6.15999, z=2.76437 (radii: 0.77, 0.77, color [200, 200, 200])
delete atom #67:  C-2-67: x=5.44068, y=10.9226, z=13.8218 (radii: 0.77, 0.77, color [200, 200, 200])
delete atom #68:  C-2-68: x=0.521841, y=5.22841, z=-2.76437 (radii: 0.77, 0.77, color [200, 200, 200])
delete atom #69:  C-2-69: x=6.19719, y=5.27397, z=2.12746 (radii: 0.77, 0.77, color [200, 200, 200])
delete atom #70:  C-2-70: x=4.62801, y=11.8086, z=13.1849 (radii: 0.77, 0.77, color [200, 200, 200])
delete atom #71:  C-2-71: x=1.33451, y=6.11443, z=-2.12746 (radii: 0.77, 0.77, color [200, 200, 200])
delete atom #72:  C-2-72: x=6.35256, y=9.92727, z=-1.85987 (radii: 0.77, 0.77, color [200, 200, 200])
delete atom #73:  C-2-73: x=4.78338, y=7.15533, z=9.1976 (radii: 0.77, 0.77, color [200, 200, 200])
delete atom #74:  C-2-74: x=1.17914, y=1.46113, z=1.85987 (radii: 0.77, 0.77, color [200, 200, 200])
delete atom #75:  C-2-75: x=5.49671, y=9.04922, z=-2.42601 (radii: 0.77, 0.77, color [200, 200, 200])
delete atom #76:  C-2-76: x=3.92753, y=8.03338, z=8.63146 (radii: 0.77, 0.77, color [200, 200, 200])
delete atom #77:  C-2-77: x=2.03499, y=2.33918, z=2.42601 (radii: 0.77, 0.77, color [200, 200, 200])
delete atom #78:  C-2-7: x=5.58121, y=11.057, z=-4.09347 (radii: 0.77, 0.77, color [200, 200, 200])
delete atom #79:  C-2-79: x=4.01203, y=6.0256, z=6.96399 (radii: 0.77, 0.77, color [200, 200, 200])
delete atom #80:  C-2-80: x=1.95049, y=0.331402, z=4.09347 (radii: 0.77, 0.77, color [200, 200, 200])
delete atom #81: Au-3-2: x=6.27877, y=7.64389, z=0.16741 (radii: 1.48, 1.48, color [218, 165, 32])
delete atom #82: Au-3-82: x=4.70959, y=9.43871, z=11.2249 (radii: 1.48, 1.48, color [218, 165, 32])
delete atom #83: Au-3-83: x=1.25293, y=3.74451, z=-0.16741 (radii: 1.48, 1.48, color [218, 165, 32])
delete atom #84: Ni-4-2: x=6.29317, y=7.62112, z=0.161439 (radii: 1.17, 1.17, color [165, 42, 42])
delete atom #85: Ni-4-85: x=4.72399, y=9.46148, z=11.2189 (radii: 1.17, 1.17, color [165, 42, 42])
delete atom #86: Ni-4-86: x=1.23853, y=3.76728, z=-0.161439 (radii: 1.17, 1.17, color [165, 42, 42])
delete atom #87:  N-5-2: x=3.88443, y=13.9963, z=-2.33755 (radii: 0.75, 0.75, color [143, 143, 255])
delete atom #88:  N-5-88: x=2.31525, y=3.08626, z=8.71991 (radii: 0.75, 0.75, color [143, 143, 255])
delete atom #89:  N-5-89: x=3.64727, y=8.78046, z=2.33755 (radii: 0.75, 0.75, color [143, 143, 255])
delete atom #90:  C-6-2: x=3.96546, y=15.0828, z=-3.34378 (radii: 0.77, 0.77, color [200, 200, 200])
delete atom #91:  C-6-91: x=2.39628, y=1.9998, z=7.71369 (radii: 0.77, 0.77, color [200, 200, 200])
delete atom #92:  C-6-92: x=3.56624, y=7.694, z=3.34378 (radii: 0.77, 0.77, color [200, 200, 200])
delete atom #93:  H-7-93: x=3.98541, y=15.9324, z=-2.89652 (radii: 0.45, 0.45, color [230, 230, 230])
delete atom #94:  H-7-94: x=2.41623, y=1.15016, z=8.16094 (radii: 0.45, 0.45, color [230, 230, 230])
delete atom #95:  H-7-95: x=3.54629, y=6.84436, z=2.89652 (radii: 0.45, 0.45, color [230, 230, 230])
delete atom #96:  H-7-96: x=3.19841, y=15.0434, z=-3.92014 (radii: 0.45, 0.45, color [230, 230, 230])
delete atom #97:  H-7-97: x=1.62923, y=2.03923, z=7.13733 (radii: 0.45, 0.45, color [230, 230, 230])
delete atom #98:  H-7-98: x=4.33329, y=7.73343, z=3.92014 (radii: 0.45, 0.45, color [230, 230, 230])
delete atom #99:  H-7-4: x=4.76376, y=14.9774, z=-3.86587 (radii: 0.45, 0.45, color [230, 230, 230])
delete atom #100:  H-7-100: x=3.19458, y=2.10521, z=7.1916 (radii: 0.45, 0.45, color [230, 230, 230])
delete atom #101:  H-7-101: x=2.76794, y=7.79941, z=3.86587 (radii: 0.45, 0.45, color [230, 230, 230])
delete atom #102:  C-8-2: x=4.51771, y=14.1193, z=-1.1743 (radii: 0.77, 0.77, color [200, 200, 200])
delete atom #103:  C-8-103: x=2.94853, y=2.96326, z=9.88316 (radii: 0.77, 0.77, color [200, 200, 200])
delete atom #104:  C-8-104: x=3.01399, y=8.65746, z=1.1743 (radii: 0.77, 0.77, color [200, 200, 200])
delete atom #105:  H-9-2: x=4.99281, y=14.8973, z=-0.987808 (radii: 0.45, 0.45, color [230, 230, 230])
delete atom #106:  H-9-106: x=3.42363, y=2.18532, z=10.0697 (radii: 0.45, 0.45, color [230, 230, 230])
delete atom #107:  H-9-107: x=2.53889, y=7.87952, z=0.987807 (radii: 0.45, 0.45, color [230, 230, 230])
delete atom #108:  C-10-2: x=4.47584, y=13.1092, z=-0.247688 (radii: 0.77, 0.77, color [200, 200, 200])
delete atom #109:  C-10-109: x=2.90666, y=3.97341, z=10.8098 (radii: 0.77, 0.77, color [200, 200, 200])
delete atom #110:  C-10-110: x=3.05586, y=9.66761, z=0.247687 (radii: 0.77, 0.77, color [200, 200, 200])
delete atom #111:  H-11-2: x=4.92861, y=13.2121, z=0.55922 (radii: 0.45, 0.45, color [230, 230, 230])
delete atom #112:  H-11-112: x=3.35943, y=3.87045, z=11.6167 (radii: 0.45, 0.45, color [230, 230, 230])
delete atom #113:  H-11-113: x=2.60309, y=9.56465, z=-0.55922 (radii: 0.45, 0.45, color [230, 230, 230])
delete atom #114:  C-12-114: x=3.77163, y=11.9373, z=-0.486529 (radii: 0.77, 0.77, color [200, 200, 200])
delete atom #115:  C-12-115: x=2.20245, y=5.14528, z=10.5709 (radii: 0.77, 0.77, color [200, 200, 200])
delete atom #116:  C-12-116: x=3.76007, y=10.8395, z=0.486528 (radii: 0.77, 0.77, color [200, 200, 200])
delete atom #117:  C-12-3: x=3.08123, y=11.877, z=-1.69843 (radii: 0.77, 0.77, color [200, 200, 200])
delete atom #118:  C-12-118: x=1.51205, y=5.20564, z=9.35904 (radii: 0.77, 0.77, color [200, 200, 200])
delete atom #119:  C-12-119: x=4.45047, y=10.8998, z=1.69843 (radii: 0.77, 0.77, color [200, 200, 200])
delete atom #120:  H-13-2: x=-0.578142, y=11.132, z=20.2214 (radii: 0.45, 0.45, color [230, 230, 230])
delete atom #121:  H-13-121: x=0.991039, y=5.95058, z=9.16392 (radii: 0.45, 0.45, color [230, 230, 230])
delete atom #122:  H-13-122: x=4.97148, y=11.6448, z=1.89355 (radii: 0.45, 0.45, color [230, 230, 230])
delete atom #123:  C-14-2: x=3.16045, y=12.8974, z=-2.59629 (radii: 0.77, 0.77, color [200, 200, 200])
delete atom #124:  C-14-124: x=1.59126, y=4.18524, z=8.46117 (radii: 0.77, 0.77, color [200, 200, 200])
delete atom #125:  C-14-125: x=4.37125, y=9.87944, z=2.59629 (radii: 0.77, 0.77, color [200, 200, 200])
delete atom #126:  H-15-2: x=2.70389, y=12.8306, z=-3.40289 (radii: 0.45, 0.45, color [230, 230, 230])
delete atom #127:  H-15-127: x=1.13471, y=4.25197, z=7.65457 (radii: 0.45, 0.45, color [230, 230, 230])
delete atom #128:  H-15-128: x=4.82781, y=9.94617, z=3.40289 (radii: 0.45, 0.45, color [230, 230, 230])
Builder logfile: Closed by Builder.exe
